<?xml version="1.0" encoding="UTF-8"?>
<testsuites>
  <testsuite name="fastlane.lanes">
    
    
    
      
      <testcase classname="fastlane.lanes" name="0: default_platform" time="0.002066714">
        
      </testcase>
    
      
      <testcase classname="fastlane.lanes" name="1: gradle" time="1.55368874">
        
      </testcase>
    
      
      <testcase classname="fastlane.lanes" name="2: gradle" time="6.89690059">
        
          <failure message="/var/lib/gems/2.5.0/gems/fastlane-2.125.2/fastlane/lib/fastlane/actions/actions_helper.rb:48:in `execute_action'&#10;/var/lib/gems/2.5.0/gems/fastlane-2.125.2/fastlane/lib/fastlane/runner.rb:235:in `block in execute_action'&#10;/var/lib/gems/2.5.0/gems/fastlane-2.125.2/fastlane/lib/fastlane/runner.rb:227:in `chdir'&#10;/var/lib/gems/2.5.0/gems/fastlane-2.125.2/fastlane/lib/fastlane/runner.rb:227:in `execute_action'&#10;/var/lib/gems/2.5.0/gems/fastlane-2.125.2/fastlane/lib/fastlane/runner.rb:157:in `trigger_action_by_name'&#10;/var/lib/gems/2.5.0/gems/fastlane-2.125.2/fastlane/lib/fastlane/fast_file.rb:154:in `method_missing'&#10;Fastfile:23:in `block (2 levels) in parsing_binding'&#10;/var/lib/gems/2.5.0/gems/fastlane-2.125.2/fastlane/lib/fastlane/lane.rb:33:in `call'&#10;/var/lib/gems/2.5.0/gems/fastlane-2.125.2/fastlane/lib/fastlane/runner.rb:49:in `block in execute'&#10;/var/lib/gems/2.5.0/gems/fastlane-2.125.2/fastlane/lib/fastlane/runner.rb:45:in `chdir'&#10;/var/lib/gems/2.5.0/gems/fastlane-2.125.2/fastlane/lib/fastlane/runner.rb:45:in `execute'&#10;/var/lib/gems/2.5.0/gems/fastlane-2.125.2/fastlane/lib/fastlane/lane_manager.rb:56:in `cruise_lane'&#10;/var/lib/gems/2.5.0/gems/fastlane-2.125.2/fastlane/lib/fastlane/command_line_handler.rb:36:in `handle'&#10;/var/lib/gems/2.5.0/gems/fastlane-2.125.2/fastlane/lib/fastlane/commands_generator.rb:108:in `block (2 levels) in run'&#10;/var/lib/gems/2.5.0/gems/commander-fastlane-4.4.6/lib/commander/command.rb:178:in `call'&#10;/var/lib/gems/2.5.0/gems/commander-fastlane-4.4.6/lib/commander/command.rb:153:in `run'&#10;/var/lib/gems/2.5.0/gems/commander-fastlane-4.4.6/lib/commander/runner.rb:476:in `run_active_command'&#10;/var/lib/gems/2.5.0/gems/fastlane-2.125.2/fastlane_core/lib/fastlane_core/ui/fastlane_runner.rb:76:in `run!'&#10;/var/lib/gems/2.5.0/gems/commander-fastlane-4.4.6/lib/commander/delegates.rb:15:in `run!'&#10;/var/lib/gems/2.5.0/gems/fastlane-2.125.2/fastlane/lib/fastlane/commands_generator.rb:333:in `run'&#10;/var/lib/gems/2.5.0/gems/fastlane-2.125.2/fastlane/lib/fastlane/commands_generator.rb:41:in `start'&#10;/var/lib/gems/2.5.0/gems/fastlane-2.125.2/fastlane/lib/fastlane/cli_tools_distributor.rb:119:in `take_off'&#10;/var/lib/gems/2.5.0/gems/fastlane-2.125.2/bin/fastlane:23:in `&lt;top (required)&gt;'&#10;/usr/local/bin/fastlane:23:in `load'&#10;/usr/local/bin/fastlane:23:in `&lt;main&gt;'&#10;&#10;Shell command exited with exit status 1 instead of 0.&#10;&gt; Task :app:preBuild UP-TO-DATE&#10;&gt; Task :app:preReleaseBuild&#10;&gt; Task :app:compileReleaseAidl NO-SOURCE&#10;&gt; Task :app:compileReleaseRenderscript NO-SOURCE&#10;&gt; Task :app:checkReleaseManifest&#10;&gt; Task :app:generateReleaseBuildConfig&#10;&gt; Task :app:prepareLintJar UP-TO-DATE&#10;&gt; Task :app:generateReleaseSources&#10;&gt; Task :app:javaPreCompileRelease&#10;&gt; Task :app:mainApkListPersistenceRelease&#10;&gt; Task :app:generateReleaseResValues&#10;&gt; Task :app:generateReleaseResources&#10;&gt; Task :app:mergeReleaseResources&#10;&gt; Task :app:createReleaseCompatibleScreenManifests&#10;&gt; Task :app:processReleaseManifest&#10;&gt; Task :app:processReleaseResources&#10;&#10;&gt; Task :app:compileReleaseJavaWithJavac&#10;Gradle may disable incremental compilation as the following annotation processors are not incremental: compiler-4.8.0.jar (com.github.bumptech.glide:compiler:4.8.0).&#10;Consider setting the experimental feature flag android.enableSeparateAnnotationProcessing=true in the gradle.properties file to run annotation processing in a separate task and make compilation incremental.&#10;Note: /home/phil/MyLife/AndroidStudio/DSAAssistent/app/src/main/java/eu/roggstar/luigithehunter/dsaassistent/VersionActivity.java uses or overrides a deprecated API.&#10;Note: Recompile with -Xlint:deprecation for details.&#10;Note: Some input files use unchecked or unsafe operations.&#10;Note: Recompile with -Xlint:unchecked for details.&#10;&#10;&gt; Task :app:compileReleaseSources&#10;&gt; Task :app:lintVitalRelease&#10;&gt; Task :app:checkReleaseDuplicateClasses&#10;&gt; Task :app:mergeExtDexRelease&#10;&gt; Task :app:transformClassesWithDexBuilderForRelease&#10;&gt; Task :app:mergeDexRelease&#10;&gt; Task :app:mergeReleaseShaders&#10;&gt; Task :app:compileReleaseShaders&#10;&gt; Task :app:generateReleaseAssets&#10;&gt; Task :app:mergeReleaseAssets&#10;&gt; Task :app:validateSigningRelease&#10;&gt; Task :app:signingConfigWriterRelease FAILED&#10;&#10;FAILURE: Build failed with an exception.&#10;&#10;* What went wrong:&#10;A problem was found with the configuration of task ':app:signingConfigWriterRelease'.&#10;&gt; File '/home/phil/MyLife/AndroidStudio/DSAAssistent/Standard.jks' specified for property 'signingConfig.storeFile' does not exist.&#10;&#10;* Try:&#10;Run with --stacktrace option to get the stack trace. Run with --info or --debug option to get more log output. Run with --scan to get full insights.&#10;&#10;* Get more help at https://help.gradle.org&#10;&#10;Deprecated Gradle features were used in this build, making it incompatible with Gradle 6.0.&#10;Use '--warning-mode all' to show the individual deprecation warnings.&#10;See https://docs.gradle.org/5.1.1/userguide/command_line_interface.html#sec:command_line_warnings&#10;&#10;BUILD FAILED in 6s&#10;22 actionable tasks: 21 executed, 1 up-to-date&#10;" />
        
      </testcase>
    
  </testsuite>
</testsuites>
